10/27/2024 1:52:49 AM	This log contains information about the import schema operation into project 'CompanyDB' on computer 'LAPTOP-D396GR4H' by user 'Karen Lopez'.
10/27/2024 1:52:50 AM	Import of database schema has started.
10/27/2024 1:52:53 AM	Gathering database credentials
10/27/2024 1:52:53 AM	Gathering database options
10/27/2024 1:52:53 AM	Gathering generic database scoped configuration option
10/27/2024 1:52:53 AM	Gathering users
10/27/2024 1:52:53 AM	Gathering roles
10/27/2024 1:52:53 AM	Gathering application roles
10/27/2024 1:52:53 AM	Gathering role memberships
10/27/2024 1:52:53 AM	Gathering filegroups
10/27/2024 1:52:53 AM	Gathering full-text catalogs
10/27/2024 1:52:53 AM	Gathering assemblies
10/27/2024 1:52:53 AM	Gathering certificates
10/27/2024 1:52:53 AM	Gathering asymmetric keys
10/27/2024 1:52:53 AM	Gathering symmetric keys
10/27/2024 1:52:53 AM	Gathering encrypted symmetric keys
10/27/2024 1:52:53 AM	Gathering schemas
10/27/2024 1:52:53 AM	Gathering XML schema collections
10/27/2024 1:52:53 AM	Gathering user-defined data types
10/27/2024 1:52:53 AM	Gathering user-defined types
10/27/2024 1:52:53 AM	Gathering table types
10/27/2024 1:52:53 AM	Gathering unique keys for table types
10/27/2024 1:52:53 AM	Gathering primary keys for table types
10/27/2024 1:52:53 AM	Gathering indexes for table types
10/27/2024 1:52:53 AM	Gathering check constraints for table types
10/27/2024 1:52:53 AM	Gathering default constraints for table types
10/27/2024 1:52:53 AM	Gathering partition functions
10/27/2024 1:52:53 AM	Gathering partition schemes
10/27/2024 1:52:53 AM	Gathering functions
10/27/2024 1:52:53 AM	Gathering encrypted functions
10/27/2024 1:52:53 AM	Gathering aggregates
10/27/2024 1:52:53 AM	Gathering procedures
10/27/2024 1:52:53 AM	Gathering encrypted procedures
10/27/2024 1:52:53 AM	Gathering tables
10/27/2024 1:52:53 AM	Gathering primary keys
10/27/2024 1:52:53 AM	Gathering unique constraints
10/27/2024 1:52:53 AM	Gathering foreign keys
10/27/2024 1:52:53 AM	Gathering default constraints
10/27/2024 1:52:53 AM	Gathering check constraints
10/27/2024 1:52:53 AM	Gathering views
10/27/2024 1:52:53 AM	Gathering encrypted views
10/27/2024 1:52:53 AM	Gathering indexes
10/27/2024 1:52:53 AM	Gathering statistics
10/27/2024 1:52:53 AM	Gathering full-text index stoplists
10/27/2024 1:52:53 AM	Gathering search property lists
10/27/2024 1:52:53 AM	Gathering search properties
10/27/2024 1:52:53 AM	Gathering full-text indexes
10/27/2024 1:52:53 AM	Gathering column store indexes
10/27/2024 1:52:53 AM	Gathering spatial indexes
10/27/2024 1:52:53 AM	Gathering XML indexes
10/27/2024 1:52:53 AM	Gathering Selective XML indexes
10/27/2024 1:52:53 AM	Gathering encrypted triggers
10/27/2024 1:52:53 AM	Gathering triggers
10/27/2024 1:52:53 AM	Gathering encrypted and clr ddl triggers
10/27/2024 1:52:53 AM	Gathering ddl triggers
10/27/2024 1:52:53 AM	Creating edge constraints
10/27/2024 1:52:53 AM	Gathering synonyms
10/27/2024 1:52:53 AM	Gathering defaults
10/27/2024 1:52:53 AM	Gathering data constraint uddt bindings
10/27/2024 1:52:53 AM	Gathering rules
10/27/2024 1:52:53 AM	Gathering data constraint uddt bindings
10/27/2024 1:52:53 AM	Gathering message types
10/27/2024 1:52:53 AM	Gathering queues
10/27/2024 1:52:53 AM	Gathering contracts
10/27/2024 1:52:53 AM	Gathering services
10/27/2024 1:52:53 AM	Gathering event notifications
10/27/2024 1:52:53 AM	Gathering remote service bindings
10/27/2024 1:52:53 AM	Gathering broker priorities
10/27/2024 1:52:53 AM	Gathering signatures
10/27/2024 1:52:53 AM	Gathering compression options
10/27/2024 1:52:53 AM	Gathering sequence types
10/27/2024 1:52:53 AM	Gathering security policies
10/27/2024 1:52:53 AM	Gather column encryption keys
10/27/2024 1:52:53 AM	Gathering column master keys
10/27/2024 1:52:53 AM	Gathering external data sources
10/27/2024 1:52:53 AM	Gathering external file formats
10/27/2024 1:52:53 AM	Gathering external tables
10/27/2024 1:52:53 AM	Gathering database permissions
10/27/2024 1:52:53 AM	Gathering extended properties
10/27/2024 1:52:53 AM	Gathering assemblies
10/27/2024 1:52:53 AM	Gathering credentials
10/27/2024 1:52:53 AM	Gathering logins
10/27/2024 1:52:53 AM	Gathering server audits
10/27/2024 1:52:54 AM	Scanning project for duplicate elements
10/27/2024 1:52:54 AM	Finished duplicate element processing
10/27/2024 1:52:55 AM	Finished importing database.
10/27/2024 1:52:55 AM	A summary of the import was saved to the following location: C:\Users\Karen Lopez\Documents\My Docs\Project\CompanyDB\CompanyDB\Import Schema Logs\CompanyDB_20241026055249.log
10/27/2024 1:52:55 AM	Click Finish to continue...
